TN:
SF:src\Trabalho01Turma02.js
FN:2,(anonymous_0)
FN:7,(anonymous_1)
FN:11,(anonymous_2)
FN:12,(anonymous_3)
FN:15,(anonymous_4)
FN:16,(anonymous_5)
FN:19,(anonymous_6)
FN:20,(anonymous_7)
FN:23,(anonymous_8)
FN:27,(anonymous_9)
FN:31,(anonymous_10)
FN:32,(anonymous_11)
FN:35,(anonymous_12)
FN:36,(anonymous_13)
FN:39,(anonymous_14)
FN:43,(anonymous_15)
FN:54,(anonymous_16)
FN:64,(anonymous_17)
FN:65,(anonymous_18)
FN:68,(anonymous_19)
FN:69,(anonymous_20)
FN:72,(anonymous_21)
FN:76,(anonymous_22)
FN:80,(anonymous_23)
FN:81,(anonymous_24)
FN:84,(anonymous_25)
FN:85,(anonymous_26)
FN:88,(anonymous_27)
FN:95,(anonymous_28)
FN:96,(anonymous_29)
FNF:30
FNH:30
FNDA:19,(anonymous_0)
FNDA:19,(anonymous_1)
FNDA:1,(anonymous_2)
FNDA:1,(anonymous_3)
FNDA:9,(anonymous_4)
FNDA:9,(anonymous_5)
FNDA:1,(anonymous_6)
FNDA:1,(anonymous_7)
FNDA:1,(anonymous_8)
FNDA:7,(anonymous_9)
FNDA:1,(anonymous_10)
FNDA:1,(anonymous_11)
FNDA:6,(anonymous_12)
FNDA:6,(anonymous_13)
FNDA:1,(anonymous_14)
FNDA:5,(anonymous_15)
FNDA:1,(anonymous_16)
FNDA:1,(anonymous_17)
FNDA:2,(anonymous_18)
FNDA:1,(anonymous_19)
FNDA:2,(anonymous_20)
FNDA:1,(anonymous_21)
FNDA:1,(anonymous_22)
FNDA:1,(anonymous_23)
FNDA:2,(anonymous_24)
FNDA:1,(anonymous_25)
FNDA:2,(anonymous_26)
FNDA:1,(anonymous_27)
FNDA:1,(anonymous_28)
FNDA:1,(anonymous_29)
DA:3,19
DA:4,19
DA:8,19
DA:12,1
DA:16,9
DA:20,1
DA:24,1
DA:28,7
DA:32,1
DA:36,6
DA:40,1
DA:44,5
DA:45,5
DA:46,5
DA:47,2
DA:48,2
DA:49,2
DA:51,3
DA:55,1
DA:56,1
DA:57,1
DA:58,1
DA:59,1
DA:61,0
DA:65,2
DA:69,2
DA:73,1
DA:77,1
DA:81,2
DA:85,2
DA:89,1
DA:90,1
DA:91,1
DA:96,1
DA:100,1
LF:35
LH:34
BRDA:46,0,0,2
BRDA:46,0,1,3
BRDA:46,1,0,5
BRDA:46,1,1,4
BRDA:46,1,2,3
BRDA:56,2,0,1
BRDA:56,2,1,0
BRDA:56,3,0,1
BRDA:56,3,1,1
BRDA:90,4,0,1
BRDA:90,4,1,0
BRF:11
BRH:9
end_of_record
TN:
SF:src\anagram.js
FN:1,(anonymous_0)
FN:5,formatStr
FNF:2
FNH:2
FNDA:2,(anonymous_0)
FNDA:4,formatStr
DA:1,1
DA:2,2
DA:6,4
DA:9,1
LF:4
LH:4
BRF:0
BRH:0
end_of_record
TN:
SF:src\banco.js
FN:2,(anonymous_0)
FN:9,(anonymous_1)
FN:16,(anonymous_2)
FN:26,(anonymous_3)
FN:33,(anonymous_4)
FN:38,(anonymous_5)
FN:43,(anonymous_6)
FN:48,(anonymous_7)
FN:56,(anonymous_8)
FN:64,(anonymous_9)
FN:71,(anonymous_10)
FN:73,(anonymous_11)
FN:74,(anonymous_12)
FNF:13
FNH:5
FNDA:8,(anonymous_0)
FNDA:2,(anonymous_1)
FNDA:3,(anonymous_2)
FNDA:1,(anonymous_3)
FNDA:4,(anonymous_4)
FNDA:0,(anonymous_5)
FNDA:0,(anonymous_6)
FNDA:0,(anonymous_7)
FNDA:0,(anonymous_8)
FNDA:0,(anonymous_9)
FNDA:0,(anonymous_10)
FNDA:0,(anonymous_11)
FNDA:0,(anonymous_12)
DA:3,8
DA:4,8
DA:5,8
DA:10,2
DA:11,2
DA:12,2
DA:17,3
DA:18,1
DA:20,2
DA:21,2
DA:22,2
DA:27,1
DA:28,1
DA:29,1
DA:34,4
DA:39,0
DA:44,0
DA:49,0
DA:50,0
DA:52,0
DA:57,0
DA:58,0
DA:59,0
DA:60,0
DA:65,0
DA:66,0
DA:67,0
DA:72,0
DA:73,0
DA:74,0
DA:79,1
LF:31
LH:16
BRDA:2,0,0,4
BRDA:17,1,0,1
BRDA:17,1,1,2
BRDA:49,2,0,0
BRDA:49,2,1,0
BRF:5
BRH:3
end_of_record
TN:
SF:src\calculator.js
FN:1,(anonymous_0)
FN:5,(anonymous_1)
FN:9,(anonymous_2)
FN:13,(anonymous_3)
FNF:4
FNH:4
FNDA:2,(anonymous_0)
FNDA:1,(anonymous_1)
FNDA:1,(anonymous_2)
FNDA:1,(anonymous_3)
DA:1,1
DA:2,2
DA:5,1
DA:6,1
DA:9,1
DA:10,1
DA:13,1
DA:14,1
DA:17,1
LF:9
LH:9
BRF:0
BRH:0
end_of_record
TN:
SF:src\carro.js
FN:2,(anonymous_0)
FN:9,(anonymous_1)
FN:15,(anonymous_2)
FNF:3
FNH:3
FNDA:5,(anonymous_0)
FNDA:3,(anonymous_1)
FNDA:2,(anonymous_2)
DA:3,5
DA:4,5
DA:5,5
DA:6,5
DA:10,3
DA:11,2
DA:16,2
DA:20,1
LF:8
LH:8
BRDA:10,0,0,2
BRDA:10,0,1,1
BRF:2
BRH:2
end_of_record
TN:
SF:src\cnh.js
FN:1,(anonymous_0)
FNF:1
FNH:1
FNDA:2,(anonymous_0)
DA:1,1
DA:2,2
DA:5,1
LF:3
LH:3
BRF:0
BRH:0
end_of_record
TN:
SF:src\lista.js
FN:2,(anonymous_0)
FN:6,(anonymous_1)
FN:10,(anonymous_2)
FN:18,(anonymous_3)
FNF:4
FNH:4
FNDA:4,(anonymous_0)
FNDA:8,(anonymous_1)
FNDA:3,(anonymous_2)
FNDA:2,(anonymous_3)
DA:3,4
DA:7,8
DA:11,3
DA:12,3
DA:13,2
DA:15,1
DA:19,2
DA:23,1
LF:8
LH:8
BRDA:12,0,0,2
BRDA:12,0,1,1
BRF:2
BRH:2
end_of_record
TN:
SF:src\pessoa.js
FN:2,(anonymous_0)
FN:7,(anonymous_1)
FN:11,(anonymous_2)
FNF:3
FNH:3
FNDA:4,(anonymous_0)
FNDA:2,(anonymous_1)
FNDA:2,(anonymous_2)
DA:3,4
DA:4,4
DA:8,2
DA:12,2
DA:16,1
LF:5
LH:5
BRF:0
BRH:0
end_of_record
